<?xml version="1.0" encoding="UTF-8"?>
<!-- Generated by org.testng.reporters.JUnitReportReporter -->
<testsuite hostname="DESKTOP-HRS35RE" failures="0" tests="1" name="tests.LoginTest" time="1.700" errors="0" timestamp="2020-01-20T18:47:56 EET" skipped="0">
  <testcase classname="tests.LoginTest" name="should_Not_logIN_When_UserPasswordIsEmpty" time="1.700"/>
</testsuite> <!-- tests.LoginTest -->
