<?xml version="1.0" encoding="UTF-8"?>
<!-- Generated by org.testng.reporters.JUnitReportReporter -->
<testsuite hostname="DESKTOP-HRS35RE" failures="0" tests="7" name="tests.IssueCreatingTest" time="8.748" errors="0" timestamp="2020-01-15T17:22:02 EET" skipped="0">
  <testcase classname="tests.IssueCreatingTest" name="Should_CreateIssue_When_Correct_data_Is_Given" time="1.861"/>
  <testcase classname="tests.IssueCreatingTest" name="should_NOT_Work_When_AssignedToIsInvalid" time="1.198"/>
  <testcase classname="tests.IssueCreatingTest" name="should_NOT_Work_When_Status_Is_Not_Valid" time="1.161"/>
  <testcase classname="tests.IssueCreatingTest" name="Should_Not_CreateIssue_When_Issue_Name_Not_Provided" time="1.091"/>
  <testcase classname="tests.IssueCreatingTest" name="should_NOT_Work_When_Reason_Is_Not_Valid" time="1.221"/>
  <testcase classname="tests.IssueCreatingTest" name="Should_Not_CreateIssue_Then_Issue_Severity_To_Big" time="1.121"/>
  <testcase classname="tests.IssueCreatingTest" name="Should_Not_CreateIssue_When_Issue_Name_Empty_String" time="1.095"/>
</testsuite> <!-- tests.IssueCreatingTest -->
