<?xml version="1.0" encoding="UTF-8"?>
<!-- Generated by org.testng.reporters.JUnitReportReporter -->
<testsuite hostname="DESKTOP-HRS35RE" failures="0" tests="1" name="tests.NewTest" time="0.171" errors="0" timestamp="2020-01-02T20:19:21 EET" skipped="0">
  <testcase classname="tests.NewTest" name="openMyBlog" time="0.171"/>
</testsuite> <!-- tests.NewTest -->
